<?xml version="1.0" encoding="UTF-8"?>
<!-- Generated by org.testng.reporters.JUnitXMLReporter -->
<testsuite ignored="2" hostname="DESKTOP-TAL6K7K" failures="0" tests="3" name="Test" time="0.133" errors="0" timestamp="2024-06-25T12:36:09 IST">
  <testcase classname="SeleniumProgram.Group_class" name="Testcase1" time="0.031"/>
  <testcase classname="SeleniumProgram.Group_class" name="Testcase3" time="0.006"/>
  <testcase classname="SeleniumProgram.Group_class" name="Testcase4" time="0.004"/>
  <testcase classname="SeleniumProgram.Group_class" name="Testcase2" time="0.0">
    <ignored/>
  </testcase> <!-- Testcase2 -->
  <testcase classname="SeleniumProgram.Group_class" name="Testcase5" time="0.0">
    <ignored/>
  </testcase> <!-- Testcase5 -->
</testsuite> <!-- Test -->
